Case #1:
132853553772 252131135093 379369374365
137775324642 306110481385 320468257203
Case #2:
935364674333 633273248319 843131003331
910076944980 715789928570 785902052433
Case #3:
38991993321 796307528113 758476201436
257617139087 573622316287 762536267496
Case #4:
555416963024 347355480064 958121686225
913622342784 308892168845 638379617684
Case #5:
588635912580 863869625778 622831152995
653300022071 506139349547 915897319735
Case #6:
612925433261 393701901218
143700067001 327382752149 535544515329
Case #7:
271880164945 885553354199 67912215804
292986577100 197067269385 735291888463
Case #8:
765351428096 400360293798 192795708548
569720700928 29569892469 759216837045
Case #9:
927887080924 35310825267 343103901258
143288180427 210593014113 952420612909
Case #10:
650401270550 381600727962 722863028648
315334588274 889091559219 550438879667
